# JRE version: OpenJDK Runtime Environment AdoptOpenJDK-11.0.11+9 (11.0.11+9) (build 11.0.11+9)
# Java VM: OpenJDK 64-Bit Server VM AdoptOpenJDK-11.0.11+9 (11.0.11+9, mixed mode, tiered, compressed oops, g1 gc, bsd-amd64)
Heap:
 garbage-first heap   total 262144K, used 78774K [0x00000007e0000000, 0x0000000800000000)
  region size 1024K, 23 young (23552K), 18 survivors (18432K)
 Metaspace       used 82313K, capacity 84779K, committed 85072K, reserved 327680K
  class space    used 10757K, capacity 11682K, committed 11724K, reserved 253952K
GC Heap History (20 events):
Event: 0.774 GC heap before
{Heap before GC invocations=0 (full 0):
 garbage-first heap   total 262144K, used 29696K [0x00000007e0000000, 0x0000000800000000)
  region size 1024K, 24 young (24576K), 0 survivors (0K)
 Metaspace       used 10073K, capacity 10370K, committed 10624K, reserved 264192K
  class space    used 1049K, capacity 1138K, committed 1152K, reserved 253952K
}
Event: 0.779 GC heap after
{Heap after GC invocations=1 (full 0):
 garbage-first heap   total 262144K, used 9277K [0x00000007e0000000, 0x0000000800000000)
  region size 1024K, 3 young (3072K), 3 survivors (3072K)
 Metaspace       used 10073K, capacity 10370K, committed 10624K, reserved 264192K
  class space    used 1049K, capacity 1138K, committed 1152K, reserved 253952K
}
Event: 2.506 GC heap before
{Heap before GC invocations=1 (full 0):
 garbage-first heap   total 262144K, used 100413K [0x00000007e0000000, 0x0000000800000000)
  region size 1024K, 92 young (94208K), 3 survivors (3072K)
 Metaspace       used 20569K, capacity 21066K, committed 21296K, reserved 274432K
  class space    used 2510K, capacity 2667K, committed 2688K, reserved 253952K
}
Event: 2.522 GC heap after
{Heap after GC invocations=2 (full 0):
 garbage-first heap   total 262144K, used 16927K [0x00000007e0000000, 0x0000000800000000)
  region size 1024K, 11 young (11264K), 11 survivors (11264K)
 Metaspace       used 20569K, capacity 21066K, committed 21296K, reserved 274432K
  class space    used 2510K, capacity 2667K, committed 2688K, reserved 253952K
}
Event: 3.551 GC heap before
{Heap before GC invocations=3 (full 0):
 garbage-first heap   total 262144K, used 78367K [0x00000007e0000000, 0x0000000800000000)
  region size 1024K, 72 young (73728K), 11 survivors (11264K)
 Metaspace       used 26404K, capacity 27039K, committed 27516K, reserved 278528K
  class space    used 3455K, capacity 3663K, committed 3788K, reserved 253952K
}
Event: 3.559 GC heap after
{Heap after GC invocations=4 (full 0):
 garbage-first heap   total 262144K, used 19268K [0x00000007e0000000, 0x0000000800000000)
  region size 1024K, 3 young (3072K), 3 survivors (3072K)
 Metaspace       used 26404K, capacity 27039K, committed 27516K, reserved 278528K
  class space    used 3455K, capacity 3663K, committed 3788K, reserved 253952K
}
Event: 4.712 GC heap before
{Heap before GC invocations=4 (full 0):
 garbage-first heap   total 262144K, used 66372K [0x00000007e0000000, 0x0000000800000000)
  region size 1024K, 51 young (52224K), 3 survivors (3072K)
 Metaspace       used 34987K, capacity 35733K, committed 36048K, reserved 286720K
  class space    used 4524K, capacity 4819K, committed 4940K, reserved 253952K
}
Event: 4.720 GC heap after
{Heap after GC invocations=5 (full 0):
 garbage-first heap   total 262144K, used 22806K [0x00000007e0000000, 0x0000000800000000)
  region size 1024K, 7 young (7168K), 7 survivors (7168K)
 Metaspace       used 34987K, capacity 35733K, committed 36048K, reserved 286720K
  class space    used 4524K, capacity 4819K, committed 4940K, reserved 253952K
}
Event: 8.904 GC heap before
{Heap before GC invocations=6 (full 0):
 garbage-first heap   total 262144K, used 133398K [0x00000007e0000000, 0x0000000800000000)
  region size 1024K, 112 young (114688K), 7 survivors (7168K)
 Metaspace       used 43215K, capacity 44293K, committed 44496K, reserved 292864K
  class space    used 5466K, capacity 5876K, committed 5964K, reserved 253952K
}
Event: 8.917 GC heap after
{Heap after GC invocations=7 (full 0):
 garbage-first heap   total 262144K, used 29685K [0x00000007e0000000, 0x0000000800000000)
  region size 1024K, 13 young (13312K), 13 survivors (13312K)
 Metaspace       used 43215K, capacity 44293K, committed 44496K, reserved 292864K
  class space    used 5466K, capacity 5876K, committed 5964K, reserved 253952K
}
Event: 11.945 GC heap before
{Heap before GC invocations=7 (full 0):
 garbage-first heap   total 262144K, used 175093K [0x00000007e0000000, 0x0000000800000000)
  region size 1024K, 153 young (156672K), 13 survivors (13312K)
 Metaspace       used 53905K, capacity 55399K, committed 55760K, reserved 303104K
  class space    used 6820K, capacity 7406K, committed 7500K, reserved 253952K
}
Event: 11.966 GC heap after
{Heap after GC invocations=8 (full 0):
 garbage-first heap   total 262144K, used 42052K [0x00000007e0000000, 0x0000000800000000)
  region size 1024K, 17 young (17408K), 17 survivors (17408K)
 Metaspace       used 53905K, capacity 55399K, committed 55760K, reserved 303104K
  class space    used 6820K, capacity 7406K, committed 7500K, reserved 253952K
}
Event: 13.274 GC heap before
{Heap before GC invocations=8 (full 0):
 garbage-first heap   total 262144K, used 89156K [0x00000007e0000000, 0x0000000800000000)
  region size 1024K, 65 young (66560K), 17 survivors (17408K)
 Metaspace       used 58842K, capacity 60351K, committed 60496K, reserved 307200K
  class space    used 7448K, capacity 8044K, committed 8140K, reserved 253952K
}
Event: 13.305 GC heap after
{Heap after GC invocations=9 (full 0):
 garbage-first heap   total 262144K, used 46697K [0x00000007e0000000, 0x0000000800000000)
  region size 1024K, 15 young (15360K), 15 survivors (15360K)
 Metaspace       used 58842K, capacity 60351K, committed 60496K, reserved 307200K
  class space    used 7448K, capacity 8044K, committed 8140K, reserved 253952K
}
Event: 19.800 GC heap before
{Heap before GC invocations=10 (full 0):
 garbage-first heap   total 262144K, used 188009K [0x00000007e0000000, 0x0000000800000000)
  region size 1024K, 152 young (155648K), 15 survivors (15360K)
 Metaspace       used 68451K, capacity 70282K, committed 70480K, reserved 315392K
  class space    used 8877K, capacity 9550K, committed 9676K, reserved 253952K
}
Event: 19.816 GC heap after
{Heap after GC invocations=11 (full 0):
 garbage-first heap   total 262144K, used 57021K [0x00000007e0000000, 0x0000000800000000)
  region size 1024K, 15 young (15360K), 15 survivors (15360K)
 Metaspace       used 68451K, capacity 70282K, committed 70480K, reserved 315392K
  class space    used 8877K, capacity 9550K, committed 9676K, reserved 253952K
}
Event: 22.430 GC heap before
{Heap before GC invocations=11 (full 0):
 garbage-first heap   total 262144K, used 193213K [0x00000007e0000000, 0x0000000800000000)
  region size 1024K, 149 young (152576K), 15 survivors (15360K)
 Metaspace       used 80426K, capacity 82614K, committed 82768K, reserved 325632K
  class space    used 10541K, capacity 11390K, committed 11468K, reserved 253952K
}
Event: 22.448 GC heap after
{Heap after GC invocations=12 (full 0):
 garbage-first heap   total 262144K, used 66495K [0x00000007e0000000, 0x0000000800000000)
  region size 1024K, 10 young (10240K), 10 survivors (10240K)
 Metaspace       used 80426K, capacity 82614K, committed 82768K, reserved 325632K
  class space    used 10541K, capacity 11390K, committed 11468K, reserved 253952K
}
Event: 23.724 GC heap before
{Heap before GC invocations=12 (full 0):
 garbage-first heap   total 262144K, used 199615K [0x00000007e0000000, 0x0000000800000000)
  region size 1024K, 141 young (144384K), 10 survivors (10240K)
 Metaspace       used 82308K, capacity 84777K, committed 85072K, reserved 327680K
  class space    used 10757K, capacity 11682K, committed 11724K, reserved 253952K
}
Event: 23.738 GC heap after
{Heap after GC invocations=13 (full 0):
 garbage-first heap   total 262144K, used 74678K [0x00000007e0000000, 0x0000000800000000)
  region size 1024K, 18 young (18432K), 18 survivors (18432K)
 Metaspace       used 82308K, capacity 84777K, committed 85072K, reserved 327680K
  class space    used 10757K, capacity 11682K, committed 11724K, reserved 253952K
}

